<?xml version="1.0" encoding="UTF-8" ?>
<testsuite errors="0" failures="0" name="test.nz.org.take.script.ParserTests" tests="28" time="0.094">
  <properties>
    <property name="java.vendor" value="Sun Microsystems Inc."></property>
    <property name="lib.dir" value="lib"></property>
    <property name="sun.java.launcher" value="SUN_STANDARD"></property>
    <property name="eclipse.pdebuild.templates" value="/C:/Program Files/eclipse3.2.1/plugins/org.eclipse.pde.build_3.2.1.r321_v20060823/templates/"></property>
    <property name="sun.management.compiler" value="HotSpot Client Compiler"></property>
    <property name="build.lib" value="build/lib"></property>
    <property name="docs.dir" value="docs"></property>
    <property name="os.name" value="Windows XP"></property>
    <property name="build.tmp" value="build/tmp"></property>
    <property name="sun.boot.class.path" value="C:\Program Files\Java\jdk1.6.0\jre\lib\resources.jar;C:\Program Files\Java\jdk1.6.0\jre\lib\rt.jar;C:\Program Files\Java\jdk1.6.0\jre\lib\sunrsasign.jar;C:\Program Files\Java\jdk1.6.0\jre\lib\jsse.jar;C:\Program Files\Java\jdk1.6.0\jre\lib\jce.jar;C:\Program Files\Java\jdk1.6.0\jre\lib\charsets.jar;C:\Program Files\Java\jdk1.6.0\jre\classes"></property>
    <property name="sun.desktop" value="windows"></property>
    <property name="java.vm.specification.vendor" value="Sun Microsystems Inc."></property>
    <property name="ant.home" value="C:\Program Files\eclipse3.2.1\plugins\org.apache.ant_1.6.5"></property>
    <property name="report.junit" value="qa/junit"></property>
    <property name="java.runtime.version" value="1.6.0-b105"></property>
    <property name="version_suffix" value="0.1"></property>
    <property name="user.name" value="jbdietri"></property>
    <property name="debug" value="on"></property>
    <property name="build.dir" value="build"></property>
    <property name="user.language" value="en"></property>
    <property name="build" value="./build"></property>
    <property name="sun.boot.library.path" value="C:\Program Files\Java\jdk1.6.0\jre\bin"></property>
    <property name="ant.file.take" value="C:\Documents and Settings\jbdietri\workspace\take\build.xml"></property>
    <property name="ant.project.name" value="take"></property>
    <property name="java.version" value="1.6.0"></property>
    <property name="classes" value="./build/classes"></property>
    <property name="version" value="0.1"></property>
    <property name="user.timezone" value=""></property>
    <property name="sun.arch.data.model" value="32"></property>
    <property name="build.doc" value="build/doc"></property>
    <property name="java.endorsed.dirs" value="C:\Program Files\Java\jdk1.6.0\jre\lib\endorsed"></property>
    <property name="sun.cpu.isalist" value=""></property>
    <property name="sun.jnu.encoding" value="Cp1252"></property>
    <property name="file.encoding.pkg" value="sun.io"></property>
    <property name="file.separator" value="\"></property>
    <property name="java.specification.name" value="Java Platform API Specification"></property>
    <property name="classes.dir" value="classes"></property>
    <property name="java.class.version" value="50.0"></property>
    <property name="user.country" value="NZ"></property>
    <property name="report.jdepend" value="qa/jdepend"></property>
    <property name="java.home" value="C:\Program Files\Java\jdk1.6.0\jre"></property>
    <property name="java.vm.info" value="mixed mode, sharing"></property>
    <property name="ant.file" value="C:\Documents and Settings\jbdietri\workspace\take\build.xml"></property>
    <property name="os.version" value="5.1"></property>
    <property name="build.script.jar" value="build/lib/take-script-0.1"></property>
    <property name="path.separator" value=";"></property>
    <property name="java.vm.version" value="1.6.0-b105"></property>
    <property name="user.variant" value=""></property>
    <property name="ant.library.dir" value="C:\Program Files\eclipse3.2.1\plugins\org.apache.ant_1.6.5\lib"></property>
    <property name="java.awt.printerjob" value="sun.awt.windows.WPrinterJob"></property>
    <property name="sun.io.unicode.encoding" value="UnicodeLittle"></property>
    <property name="awt.toolkit" value="sun.awt.windows.WToolkit"></property>
    <property name="eclipse.pdebuild.scripts" value="/C:/Program Files/eclipse3.2.1/plugins/org.eclipse.pde.build_3.2.1.r321_v20060823/scripts/"></property>
    <property name="user.home" value="C:\Documents and Settings\jbdietri"></property>
    <property name="java.specification.vendor" value="Sun Microsystems Inc."></property>
    <property name="java.library.path" value="C:\Program Files\Java\jdk1.6.0\jre\bin;.;C:\WINDOWS\Sun\Java\bin;C:\WINDOWS\system32;C:\WINDOWS;C:\IBMVJava\eab\bin;C:\texmf\miktex\bin;C:\WINDOWS\system32;C:\WINDOWS;C:\WINDOWS\System32\Wbem;C:\Program Files\OpenSSH\bin;C:\IMNnq_NT;C:\Program Files\Subversion\bin;C:\Program Files\Java\jdk1.6.0\bin;C:\Sun\jwsdp-2.0\jwsdp-shared\bin"></property>
    <property name="name" value="take"></property>
    <property name="java.vendor.url" value="http://java.sun.com/"></property>
    <property name="java.vm.vendor" value="Sun Microsystems Inc."></property>
    <property name="java.runtime.name" value="Java(TM) SE Runtime Environment"></property>
    <property name="java.class.path" value="C:\Documents and Settings\jbdietri\workspace\take\build\classes;C:\Documents and Settings\jbdietri\workspace\take\lib\commons-collections-3.1.jar;C:\Documents and Settings\jbdietri\workspace\take\lib\commons-logging.jar;C:\Documents and Settings\jbdietri\workspace\take\lib\hsqldb.jar;C:\Documents and Settings\jbdietri\workspace\take\lib\jalopy.jar;C:\Documents and Settings\jbdietri\workspace\take\lib\jdepend-2.9.jar;C:\Documents and Settings\jbdietri\workspace\take\lib\junit-4.1.jar;C:\Documents and Settings\jbdietri\workspace\take\lib\log4j-1.2.7.jar;C:\Documents and Settings\jbdietri\workspace\take\lib\velocity-dep-1.5.jar;C:\IBMVJava\eab\runtime20;C:\Program Files\eclipse3.2.1\plugins\org.apache.ant_1.6.5\lib\ant-launcher.jar;C:\Program Files\eclipse3.2.1\plugins\org.apache.ant_1.6.5\lib\ant.jar;C:\Program Files\eclipse3.2.1\plugins\org.apache.ant_1.6.5\lib\ant-junit.jar"></property>
    <property name="ant.version" value="Apache Ant version 1.6.5 compiled on June 2 2005"></property>
    <property name="build.rt.jar" value="build/lib/take-rt-0.1"></property>
    <property name="java.vm.specification.name" value="Java Virtual Machine Specification"></property>
    <property name="java.vm.specification.version" value="1.0"></property>
    <property name="build.classes" value="build/classes"></property>
    <property name="sun.cpu.endian" value="little"></property>
    <property name="sun.os.patch.level" value="Service Pack 2"></property>
    <property name="eclipse.pdebuild.home" value="/C:/Program Files/eclipse3.2.1/plugins/org.eclipse.pde.build_3.2.1.r321_v20060823/./"></property>
    <property name="java.io.tmpdir" value="C:\DOCUME~1\jbdietri\LOCALS~1\Temp\"></property>
    <property name="java.vendor.url.bug" value="http://java.sun.com/cgi-bin/bugreport.cgi"></property>
    <property name="os.arch" value="x86"></property>
    <property name="java.awt.graphicsenv" value="sun.awt.Win32GraphicsEnvironment"></property>
    <property name="java.ext.dirs" value="C:\Program Files\Java\jdk1.6.0\jre\lib\ext;C:\WINDOWS\Sun\Java\lib\ext"></property>
    <property name="user.dir" value="C:\Documents and Settings\jbdietri\workspace\take"></property>
    <property name="line.separator" value="
"></property>
    <property name="java.vm.name" value="Java HotSpot(TM) Client VM"></property>
    <property name="basedir" value="C:\Documents and Settings\jbdietri\workspace\take"></property>
    <property name="ant.java.version" value="1.5"></property>
    <property name="config.dir" value="misc"></property>
    <property name="file.encoding" value="Cp1252"></property>
    <property name="build.main.jar" value="build/lib/take-0.1"></property>
    <property name="build.test.jar" value="build/lib/take-tests-0.1"></property>
    <property name="java.specification.version" value="1.6"></property>
    <property name="src.dir" value="src"></property>
  </properties>
  <testcase classname="test.nz.org.take.script.ParserTests" name="testVariables1" time="0.016"></testcase>
  <testcase classname="test.nz.org.take.script.ParserTests" name="testVariables2" time="0.0"></testcase>
  <testcase classname="test.nz.org.take.script.ParserTests" name="testVariables3" time="0.0"></testcase>
  <testcase classname="test.nz.org.take.script.ParserTests" name="testVariables4" time="0.0"></testcase>
  <testcase classname="test.nz.org.take.script.ParserTests" name="testFactStore1" time="0.0"></testcase>
  <testcase classname="test.nz.org.take.script.ParserTests" name="testFactStore2" time="0.0"></testcase>
  <testcase classname="test.nz.org.take.script.ParserTests" name="testObjectRefs1" time="0.0"></testcase>
  <testcase classname="test.nz.org.take.script.ParserTests" name="testObjectRefs2" time="0.016"></testcase>
  <testcase classname="test.nz.org.take.script.ParserTests" name="testRules1" time="0.0"></testcase>
  <testcase classname="test.nz.org.take.script.ParserTests" name="testRules2" time="0.0"></testcase>
  <testcase classname="test.nz.org.take.script.ParserTests" name="testRules3" time="0.0"></testcase>
  <testcase classname="test.nz.org.take.script.ParserTests" name="testFacts1" time="0.0"></testcase>
  <testcase classname="test.nz.org.take.script.ParserTests" name="testStringLiterals1" time="0.0"></testcase>
  <testcase classname="test.nz.org.take.script.ParserTests" name="testIntLiterals1" time="0.0"></testcase>
  <testcase classname="test.nz.org.take.script.ParserTests" name="testDoubleLiterals1" time="0.0"></testcase>
  <testcase classname="test.nz.org.take.script.ParserTests" name="testComplexTerms1" time="0.015"></testcase>
  <testcase classname="test.nz.org.take.script.ParserTests" name="testPropertyTerms1" time="0.0"></testcase>
  <testcase classname="test.nz.org.take.script.ParserTests" name="testQueryIOSignature1" time="0.0"></testcase>
  <testcase classname="test.nz.org.take.script.ParserTests" name="testIntegration1" time="0.0"></testcase>
  <testcase classname="test.nz.org.take.script.ParserTests" name="testAnnotations1" time="0.0"></testcase>
  <testcase classname="test.nz.org.take.script.ParserTests" name="testLineNumbers1" time="0.0"></testcase>
  <testcase classname="test.nz.org.take.script.ParserTests" name="testNegation1" time="0.0"></testcase>
  <testcase classname="test.nz.org.take.script.ParserTests" name="testNegation2" time="0.0"></testcase>
  <testcase classname="test.nz.org.take.script.ParserTests" name="testNegation3" time="0.0"></testcase>
  <testcase classname="test.nz.org.take.script.ParserTests" name="testComparison1" time="0.016"></testcase>
  <testcase classname="test.nz.org.take.script.ParserTests" name="testComparison2" time="0.0"></testcase>
  <testcase classname="test.nz.org.take.script.ParserTests" name="testComparison3" time="0.0"></testcase>
  <testcase classname="test.nz.org.take.script.ParserTests" name="testComparison4" time="0.0"></testcase>
  <system-out><![CDATA[]]></system-out>
  <system-err><![CDATA[]]></system-err>
</testsuite>
