<?xml version="1.0" encoding="UTF-8" ?>
<testsuite errors="0" failures="0" name="test.nz.org.take.compiler.scenario1.Tests" tests="5" time="3.625">
  <properties>
    <property name="java.vendor" value="Sun Microsystems Inc."></property>
    <property name="lib.dir" value="lib"></property>
    <property name="sun.java.launcher" value="SUN_STANDARD"></property>
    <property name="eclipse.pdebuild.templates" value="/C:/Program Files/eclipse3.2.1/plugins/org.eclipse.pde.build_3.2.1.r321_v20060823/templates/"></property>
    <property name="sun.management.compiler" value="HotSpot Client Compiler"></property>
    <property name="build.lib" value="build/lib"></property>
    <property name="docs.dir" value="docs"></property>
    <property name="os.name" value="Windows XP"></property>
    <property name="build.tmp" value="build/tmp"></property>
    <property name="sun.boot.class.path" value="C:\Program Files\Java\jdk1.6.0\jre\lib\resources.jar;C:\Program Files\Java\jdk1.6.0\jre\lib\rt.jar;C:\Program Files\Java\jdk1.6.0\jre\lib\sunrsasign.jar;C:\Program Files\Java\jdk1.6.0\jre\lib\jsse.jar;C:\Program Files\Java\jdk1.6.0\jre\lib\jce.jar;C:\Program Files\Java\jdk1.6.0\jre\lib\charsets.jar;C:\Program Files\Java\jdk1.6.0\jre\classes"></property>
    <property name="sun.desktop" value="windows"></property>
    <property name="java.vm.specification.vendor" value="Sun Microsystems Inc."></property>
    <property name="ant.home" value="C:\Program Files\eclipse3.2.1\plugins\org.apache.ant_1.6.5"></property>
    <property name="report.junit" value="qa/junit"></property>
    <property name="java.runtime.version" value="1.6.0-b105"></property>
    <property name="qareports.dir" value="qa"></property>
    <property name="user.name" value="jbdietri"></property>
    <property name="debug" value="on"></property>
    <property name="build.dir" value="build"></property>
    <property name="user.language" value="en"></property>
    <property name="build" value="./build"></property>
    <property name="sun.boot.library.path" value="C:\Program Files\Java\jdk1.6.0\jre\bin"></property>
    <property name="ant.file.take" value="C:\Documents and Settings\jbdietri\workspace\take\build.xml"></property>
    <property name="ant.project.name" value="take"></property>
    <property name="java.version" value="1.6.0"></property>
    <property name="classes" value="./build/classes"></property>
    <property name="version" value="1.0.0"></property>
    <property name="user.timezone" value=""></property>
    <property name="sun.arch.data.model" value="32"></property>
    <property name="build.doc" value="build/doc"></property>
    <property name="java.endorsed.dirs" value="C:\Program Files\Java\jdk1.6.0\jre\lib\endorsed"></property>
    <property name="sun.cpu.isalist" value=""></property>
    <property name="sun.jnu.encoding" value="Cp1252"></property>
    <property name="file.encoding.pkg" value="sun.io"></property>
    <property name="file.separator" value="\"></property>
    <property name="java.specification.name" value="Java Platform API Specification"></property>
    <property name="classes.dir" value="classes"></property>
    <property name="java.class.version" value="50.0"></property>
    <property name="user.country" value="NZ"></property>
    <property name="report.jdepend" value="qa/jdepend"></property>
    <property name="java.home" value="C:\Program Files\Java\jdk1.6.0\jre"></property>
    <property name="java.vm.info" value="mixed mode, sharing"></property>
    <property name="ant.file" value="C:\Documents and Settings\jbdietri\workspace\take\build.xml"></property>
    <property name="os.version" value="5.1"></property>
    <property name="build.script.jar" value="build/lib/take-script-1.0.0"></property>
    <property name="path.separator" value=";"></property>
    <property name="java.vm.version" value="1.6.0-b105"></property>
    <property name="user.variant" value=""></property>
    <property name="ant.library.dir" value="C:\Program Files\eclipse3.2.1\plugins\org.apache.ant_1.6.5\lib"></property>
    <property name="java.awt.printerjob" value="sun.awt.windows.WPrinterJob"></property>
    <property name="sun.io.unicode.encoding" value="UnicodeLittle"></property>
    <property name="awt.toolkit" value="sun.awt.windows.WToolkit"></property>
    <property name="eclipse.pdebuild.scripts" value="/C:/Program Files/eclipse3.2.1/plugins/org.eclipse.pde.build_3.2.1.r321_v20060823/scripts/"></property>
    <property name="user.home" value="C:\Documents and Settings\jbdietri"></property>
    <property name="java.specification.vendor" value="Sun Microsystems Inc."></property>
    <property name="java.library.path" value="C:\Program Files\Java\jdk1.6.0\jre\bin;.;C:\WINDOWS\Sun\Java\bin;C:\WINDOWS\system32;C:\WINDOWS;C:\IBMVJava\eab\bin;C:\texmf\miktex\bin;C:\WINDOWS\system32;C:\WINDOWS;C:\WINDOWS\System32\Wbem;C:\Program Files\OpenSSH\bin;C:\IMNnq_NT;C:\Program Files\Subversion\bin;C:\Program Files\Java\jdk1.6.0\bin;C:\Program Files\QuickTime\QTSystem\;C:\Sun\jwsdp-2.0\jwsdp-shared\bin"></property>
    <property name="name" value="take"></property>
    <property name="java.vendor.url" value="http://java.sun.com/"></property>
    <property name="java.vm.vendor" value="Sun Microsystems Inc."></property>
    <property name="java.runtime.name" value="Java(TM) SE Runtime Environment"></property>
    <property name="java.class.path" value="C:\Documents and Settings\jbdietri\workspace\take\build\classes;C:\Documents and Settings\jbdietri\workspace\take\lib\commons-collections-3.1.jar;C:\Documents and Settings\jbdietri\workspace\take\lib\commons-logging.jar;C:\Documents and Settings\jbdietri\workspace\take\lib\hsqldb.jar;C:\Documents and Settings\jbdietri\workspace\take\lib\jalopy.jar;C:\Documents and Settings\jbdietri\workspace\take\lib\jdepend-2.9.jar;C:\Documents and Settings\jbdietri\workspace\take\lib\junit-4.1.jar;C:\Documents and Settings\jbdietri\workspace\take\lib\log4j-1.2.7.jar;C:\Documents and Settings\jbdietri\workspace\take\lib\velocity-dep-1.5.jar;C:\Documents and Settings\jbdietri\workspace\take;C:\IBMVJava\eab\runtime20;C:\Program Files\Java\jre1.6.0\lib\ext\QTJava.zip;C:\Program Files\eclipse3.2.1\plugins\org.apache.ant_1.6.5\lib\ant-launcher.jar;C:\Program Files\eclipse3.2.1\plugins\org.apache.ant_1.6.5\lib\ant.jar;C:\Program Files\eclipse3.2.1\plugins\org.apache.ant_1.6.5\lib\ant-junit.jar"></property>
    <property name="ant.version" value="Apache Ant version 1.6.5 compiled on June 2 2005"></property>
    <property name="build.rt.jar" value="build/lib/take-rt-1.0.0"></property>
    <property name="java.vm.specification.name" value="Java Virtual Machine Specification"></property>
    <property name="java.vm.specification.version" value="1.0"></property>
    <property name="build.classes" value="build/classes"></property>
    <property name="sun.cpu.endian" value="little"></property>
    <property name="sun.os.patch.level" value="Service Pack 2"></property>
    <property name="eclipse.pdebuild.home" value="/C:/Program Files/eclipse3.2.1/plugins/org.eclipse.pde.build_3.2.1.r321_v20060823/./"></property>
    <property name="java.io.tmpdir" value="C:\DOCUME~1\jbdietri\LOCALS~1\Temp\"></property>
    <property name="java.vendor.url.bug" value="http://java.sun.com/cgi-bin/bugreport.cgi"></property>
    <property name="os.arch" value="x86"></property>
    <property name="java.awt.graphicsenv" value="sun.awt.Win32GraphicsEnvironment"></property>
    <property name="java.ext.dirs" value="C:\Program Files\Java\jdk1.6.0\jre\lib\ext;C:\WINDOWS\Sun\Java\lib\ext"></property>
    <property name="user.dir" value="C:\Documents and Settings\jbdietri\workspace\take"></property>
    <property name="line.separator" value="
"></property>
    <property name="java.vm.name" value="Java HotSpot(TM) Client VM"></property>
    <property name="basedir" value="C:\Documents and Settings\jbdietri\workspace\take"></property>
    <property name="ant.java.version" value="1.5"></property>
    <property name="config.dir" value="misc"></property>
    <property name="file.encoding" value="Cp1252"></property>
    <property name="build.main.jar" value="build/lib/take-1.0.0"></property>
    <property name="build.test.jar" value="build/lib/take-tests-1.0.0"></property>
    <property name="java.specification.version" value="1.6"></property>
    <property name="src.dir" value="src"></property>
  </properties>
  <testcase classname="test.nz.org.take.compiler.scenario1.Tests" name="test1" time="1.937"></testcase>
  <testcase classname="test.nz.org.take.compiler.scenario1.Tests" name="test2" time="0.5"></testcase>
  <testcase classname="test.nz.org.take.compiler.scenario1.Tests" name="test3" time="0.375"></testcase>
  <testcase classname="test.nz.org.take.compiler.scenario1.Tests" name="test4" time="0.422"></testcase>
  <testcase classname="test.nz.org.take.compiler.scenario1.Tests" name="test5" time="0.359"></testcase>
  <system-out><![CDATA[0 [main] DEBUG nz.org.take.script.ScriptKnowledgeSource  - Interpreting predicate symbol is_father_of[in line 21] as simple predicate
0 [main] DEBUG nz.org.take.script.ScriptKnowledgeSource  - Interpreting predicate symbol is_father_of[in line 21] as simple predicate
0 [main] DEBUG nz.org.take.script.ScriptKnowledgeSource  - Interpreting predicate symbol is_grandfather_of[in line 21] as simple predicate
0 [main] DEBUG nz.org.take.script.ScriptKnowledgeSource  - Interpreting predicate symbol is_father_of[in line 22] as simple predicate
0 [main] DEBUG nz.org.take.script.ScriptKnowledgeSource  - Interpreting predicate symbol is_father_of[in line 23] as simple predicate
0 [main] DEBUG nz.org.take.script.ScriptKnowledgeSource  - Interpreting predicate symbol is_father_of[in line 24] as simple predicate
0 [main] DEBUG nz.org.take.script.ScriptKnowledgeSource  - Interpreting predicate symbol is_father_of[in line 25] as simple predicate
0 [main] DEBUG nz.org.take.script.ScriptKnowledgeSource  - Interpreting predicate symbol is_father_of[in line 26] as simple predicate
0 [main] DEBUG nz.org.take.script.ScriptKnowledgeSource  - Interpreting predicate symbol is_father_of[in line 27] as simple predicate
0 [main] DEBUG nz.org.take.script.ScriptKnowledgeSource  - Interpreting predicate symbol is_father_of[in line 28] as simple predicate
0 [main] DEBUG nz.org.take.script.ScriptKnowledgeSource  - Interpreting predicate symbol is_father_of[in line 29] as simple predicate
125 [main] DEBUG nz.org.take.compiler.reference.CompilerPlugin4PropertyPredicates  - SimpleLog4JLogSystem using category 'nz.org.take.compiler.reference.CompilerPlugin4PropertyPredicates'
125 [main] DEBUG nz.org.take.compiler.reference.CompilerPlugin4PropertyPredicates  - *******************************************************************
125 [main] DEBUG nz.org.take.compiler.reference.CompilerPlugin4PropertyPredicates  - Starting Apache Velocity v1.5 (compiled: 2007-02-22 08:52:29)
125 [main] DEBUG nz.org.take.compiler.reference.CompilerPlugin4PropertyPredicates  - RuntimeInstance initializing.
125 [main] DEBUG nz.org.take.compiler.reference.CompilerPlugin4PropertyPredicates  - Default Properties File: org\apache\velocity\runtime\defaults\velocity.properties
125 [main] DEBUG nz.org.take.compiler.reference.CompilerPlugin4PropertyPredicates  - Trying to use logger class org.apache.velocity.runtime.log.SimpleLog4JLogSystem
125 [main] INFO nz.org.take.compiler.reference.CompilerPlugin4PropertyPredicates  - LogSystem has been deprecated. Please use a LogChute implementation.
140 [main] DEBUG nz.org.take.compiler.reference.CompilerPlugin4PropertyPredicates  - Default ResourceManager initializing. (class org.apache.velocity.runtime.resource.ResourceManagerImpl)
140 [main] DEBUG nz.org.take.compiler.reference.CompilerPlugin4PropertyPredicates  - ResourceLoader instantiated: org.apache.velocity.runtime.resource.loader.ClasspathResourceLoader
140 [main] DEBUG nz.org.take.compiler.reference.CompilerPlugin4PropertyPredicates  - ClasspathResourceLoader : initialization complete.
172 [main] DEBUG nz.org.take.compiler.reference.CompilerPlugin4PropertyPredicates  - ResourceCache: initialized (class org.apache.velocity.runtime.resource.ResourceCacheImpl)
172 [main] DEBUG nz.org.take.compiler.reference.CompilerPlugin4PropertyPredicates  - Default ResourceManager initialization complete.
172 [main] DEBUG nz.org.take.compiler.reference.CompilerPlugin4PropertyPredicates  - Loaded System Directive: org.apache.velocity.runtime.directive.Literal
172 [main] DEBUG nz.org.take.compiler.reference.CompilerPlugin4PropertyPredicates  - Loaded System Directive: org.apache.velocity.runtime.directive.Macro
172 [main] DEBUG nz.org.take.compiler.reference.CompilerPlugin4PropertyPredicates  - Loaded System Directive: org.apache.velocity.runtime.directive.Parse
172 [main] DEBUG nz.org.take.compiler.reference.CompilerPlugin4PropertyPredicates  - Loaded System Directive: org.apache.velocity.runtime.directive.Include
172 [main] DEBUG nz.org.take.compiler.reference.CompilerPlugin4PropertyPredicates  - Loaded System Directive: org.apache.velocity.runtime.directive.Foreach
234 [main] DEBUG nz.org.take.compiler.reference.CompilerPlugin4PropertyPredicates  - Created '20' parsers.
250 [main] DEBUG nz.org.take.compiler.reference.CompilerPlugin4PropertyPredicates  - Velocimacro : initialization starting.
250 [main] DEBUG nz.org.take.compiler.reference.CompilerPlugin4PropertyPredicates  - Velocimacro : "velocimacro.library" is not set.  Trying default library: VM_global_library.vm
250 [main] DEBUG nz.org.take.compiler.reference.CompilerPlugin4PropertyPredicates  - Velocimacro : Default library not found.
250 [main] DEBUG nz.org.take.compiler.reference.CompilerPlugin4PropertyPredicates  - Velocimacro : allowInline = true : VMs can be defined inline in templates
250 [main] DEBUG nz.org.take.compiler.reference.CompilerPlugin4PropertyPredicates  - Velocimacro : allowInlineToOverride = false : VMs defined inline may NOT replace previous VM definitions
250 [main] DEBUG nz.org.take.compiler.reference.CompilerPlugin4PropertyPredicates  - Velocimacro : allowInlineLocal = false : VMs defined inline will be global in scope if allowed.
250 [main] DEBUG nz.org.take.compiler.reference.CompilerPlugin4PropertyPredicates  - Velocimacro : autoload off : VM system will not automatically reload global library macros
250 [main] DEBUG nz.org.take.compiler.reference.CompilerPlugin4PropertyPredicates  - Velocimacro : Velocimacro : initialization complete.
250 [main] DEBUG nz.org.take.compiler.reference.CompilerPlugin4PropertyPredicates  - RuntimeInstance successfully initialized.
250 [main] DEBUG nz.org.take.compiler.reference.CompilerPlugin4PropertyPredicates  - SimpleLog4JLogSystem using category 'nz.org.take.compiler.reference.CompilerPlugin4PropertyPredicates'
250 [main] DEBUG nz.org.take.compiler.reference.CompilerPlugin4PropertyPredicates  - *******************************************************************
250 [main] DEBUG nz.org.take.compiler.reference.CompilerPlugin4PropertyPredicates  - Starting Apache Velocity v1.5 (compiled: 2007-02-22 08:52:29)
250 [main] DEBUG nz.org.take.compiler.reference.CompilerPlugin4PropertyPredicates  - RuntimeInstance initializing.
250 [main] DEBUG nz.org.take.compiler.reference.CompilerPlugin4PropertyPredicates  - Default Properties File: org\apache\velocity\runtime\defaults\velocity.properties
250 [main] DEBUG nz.org.take.compiler.reference.CompilerPlugin4PropertyPredicates  - Trying to use logger class org.apache.velocity.runtime.log.SimpleLog4JLogSystem
250 [main] INFO nz.org.take.compiler.reference.CompilerPlugin4PropertyPredicates  - LogSystem has been deprecated. Please use a LogChute implementation.
250 [main] DEBUG nz.org.take.compiler.reference.CompilerPlugin4PropertyPredicates  - Default ResourceManager initializing. (class org.apache.velocity.runtime.resource.ResourceManagerImpl)
250 [main] DEBUG nz.org.take.compiler.reference.CompilerPlugin4PropertyPredicates  - ResourceLoader instantiated: org.apache.velocity.runtime.resource.loader.ClasspathResourceLoader
250 [main] DEBUG nz.org.take.compiler.reference.CompilerPlugin4PropertyPredicates  - ClasspathResourceLoader : initialization complete.
250 [main] DEBUG nz.org.take.compiler.reference.CompilerPlugin4PropertyPredicates  - ResourceCache: initialized (class org.apache.velocity.runtime.resource.ResourceCacheImpl)
250 [main] DEBUG nz.org.take.compiler.reference.CompilerPlugin4PropertyPredicates  - Default ResourceManager initialization complete.
250 [main] DEBUG nz.org.take.compiler.reference.CompilerPlugin4PropertyPredicates  - Loaded System Directive: org.apache.velocity.runtime.directive.Literal
250 [main] DEBUG nz.org.take.compiler.reference.CompilerPlugin4PropertyPredicates  - Loaded System Directive: org.apache.velocity.runtime.directive.Macro
250 [main] DEBUG nz.org.take.compiler.reference.CompilerPlugin4PropertyPredicates  - Loaded System Directive: org.apache.velocity.runtime.directive.Parse
250 [main] DEBUG nz.org.take.compiler.reference.CompilerPlugin4PropertyPredicates  - Loaded System Directive: org.apache.velocity.runtime.directive.Include
250 [main] DEBUG nz.org.take.compiler.reference.CompilerPlugin4PropertyPredicates  - Loaded System Directive: org.apache.velocity.runtime.directive.Foreach
281 [main] DEBUG nz.org.take.compiler.reference.CompilerPlugin4PropertyPredicates  - Created '20' parsers.
281 [main] DEBUG nz.org.take.compiler.reference.CompilerPlugin4PropertyPredicates  - Velocimacro : initialization starting.
281 [main] DEBUG nz.org.take.compiler.reference.CompilerPlugin4PropertyPredicates  - Velocimacro : "velocimacro.library" is not set.  Trying default library: VM_global_library.vm
281 [main] DEBUG nz.org.take.compiler.reference.CompilerPlugin4PropertyPredicates  - Velocimacro : Default library not found.
281 [main] DEBUG nz.org.take.compiler.reference.CompilerPlugin4PropertyPredicates  - Velocimacro : allowInline = true : VMs can be defined inline in templates
281 [main] DEBUG nz.org.take.compiler.reference.CompilerPlugin4PropertyPredicates  - Velocimacro : allowInlineToOverride = false : VMs defined inline may NOT replace previous VM definitions
297 [main] DEBUG nz.org.take.compiler.reference.CompilerPlugin4PropertyPredicates  - Velocimacro : allowInlineLocal = false : VMs defined inline will be global in scope if allowed.
297 [main] DEBUG nz.org.take.compiler.reference.CompilerPlugin4PropertyPredicates  - Velocimacro : autoload off : VM system will not automatically reload global library macros
297 [main] DEBUG nz.org.take.compiler.reference.CompilerPlugin4PropertyPredicates  - Velocimacro : Velocimacro : initialization complete.
297 [main] DEBUG nz.org.take.compiler.reference.CompilerPlugin4PropertyPredicates  - RuntimeInstance successfully initialized.
297 [main] DEBUG nz.org.take.compiler.reference.CompilerPlugin4PropertyPredicates  - SimpleLog4JLogSystem using category 'nz.org.take.compiler.reference.CompilerPlugin4PropertyPredicates'
297 [main] DEBUG nz.org.take.compiler.reference.CompilerPlugin4PropertyPredicates  - *******************************************************************
297 [main] DEBUG nz.org.take.compiler.reference.CompilerPlugin4PropertyPredicates  - Starting Apache Velocity v1.5 (compiled: 2007-02-22 08:52:29)
297 [main] DEBUG nz.org.take.compiler.reference.CompilerPlugin4PropertyPredicates  - RuntimeInstance initializing.
297 [main] DEBUG nz.org.take.compiler.reference.CompilerPlugin4PropertyPredicates  - Default Properties File: org\apache\velocity\runtime\defaults\velocity.properties
297 [main] DEBUG nz.org.take.compiler.reference.CompilerPlugin4PropertyPredicates  - Trying to use logger class org.apache.velocity.runtime.log.SimpleLog4JLogSystem
297 [main] INFO nz.org.take.compiler.reference.CompilerPlugin4PropertyPredicates  - LogSystem has been deprecated. Please use a LogChute implementation.
297 [main] DEBUG nz.org.take.compiler.reference.CompilerPlugin4PropertyPredicates  - Default ResourceManager initializing. (class org.apache.velocity.runtime.resource.ResourceManagerImpl)
297 [main] DEBUG nz.org.take.compiler.reference.CompilerPlugin4PropertyPredicates  - ResourceLoader instantiated: org.apache.velocity.runtime.resource.loader.ClasspathResourceLoader
297 [main] DEBUG nz.org.take.compiler.reference.CompilerPlugin4PropertyPredicates  - ClasspathResourceLoader : initialization complete.
297 [main] DEBUG nz.org.take.compiler.reference.CompilerPlugin4PropertyPredicates  - ResourceCache: initialized (class org.apache.velocity.runtime.resource.ResourceCacheImpl)
297 [main] DEBUG nz.org.take.compiler.reference.CompilerPlugin4PropertyPredicates  - Default ResourceManager initialization complete.
297 [main] DEBUG nz.org.take.compiler.reference.CompilerPlugin4PropertyPredicates  - Loaded System Directive: org.apache.velocity.runtime.directive.Literal
297 [main] DEBUG nz.org.take.compiler.reference.CompilerPlugin4PropertyPredicates  - Loaded System Directive: org.apache.velocity.runtime.directive.Macro
297 [main] DEBUG nz.org.take.compiler.reference.CompilerPlugin4PropertyPredicates  - Loaded System Directive: org.apache.velocity.runtime.directive.Parse
297 [main] DEBUG nz.org.take.compiler.reference.CompilerPlugin4PropertyPredicates  - Loaded System Directive: org.apache.velocity.runtime.directive.Include
297 [main] DEBUG nz.org.take.compiler.reference.CompilerPlugin4PropertyPredicates  - Loaded System Directive: org.apache.velocity.runtime.directive.Foreach
297 [main] DEBUG nz.org.take.compiler.reference.CompilerPlugin4PropertyPredicates  - Created '20' parsers.
297 [main] DEBUG nz.org.take.compiler.reference.CompilerPlugin4PropertyPredicates  - Velocimacro : initialization starting.
297 [main] DEBUG nz.org.take.compiler.reference.CompilerPlugin4PropertyPredicates  - Velocimacro : "velocimacro.library" is not set.  Trying default library: VM_global_library.vm
297 [main] DEBUG nz.org.take.compiler.reference.CompilerPlugin4PropertyPredicates  - Velocimacro : Default library not found.
297 [main] DEBUG nz.org.take.compiler.reference.CompilerPlugin4PropertyPredicates  - Velocimacro : allowInline = true : VMs can be defined inline in templates
297 [main] DEBUG nz.org.take.compiler.reference.CompilerPlugin4PropertyPredicates  - Velocimacro : allowInlineToOverride = false : VMs defined inline may NOT replace previous VM definitions
297 [main] DEBUG nz.org.take.compiler.reference.CompilerPlugin4PropertyPredicates  - Velocimacro : allowInlineLocal = false : VMs defined inline will be global in scope if allowed.
297 [main] DEBUG nz.org.take.compiler.reference.CompilerPlugin4PropertyPredicates  - Velocimacro : autoload off : VM system will not automatically reload global library macros
297 [main] DEBUG nz.org.take.compiler.reference.CompilerPlugin4PropertyPredicates  - Velocimacro : Velocimacro : initialization complete.
297 [main] DEBUG nz.org.take.compiler.reference.CompilerPlugin4PropertyPredicates  - RuntimeInstance successfully initialized.
312 [main] DEBUG nz.org.take.compiler.reference.DefaultCompiler  - Adding query to agenda: /is_father_of[in,out]
312 [main] DEBUG nz.org.take.compiler.reference.DefaultCompiler  - Adding query to agenda: /is_father_of[out,in]
312 [main] DEBUG nz.org.take.compiler.reference.DefaultCompiler  - Adding query to agenda: /is_grandfather_of[in,out]
312 [main] DEBUG nz.org.take.compiler.reference.DefaultCompiler  - Adding query to agenda: /is_grandfather_of[out,in]
359 [main] INFO nz.org.take.compiler.reference.DefaultCompiler  - Method created: test.nz.org.take.compiler.scenario1.generated.impl_v070614_112246.KBImpl#getFather
375 [main] INFO nz.org.take.compiler.reference.DefaultCompiler  - Method created: test.nz.org.take.compiler.scenario1.generated.impl_v070614_112246.KBImpl#getSons
390 [main] INFO nz.org.take.compiler.reference.DefaultCompiler  - Method created: test.nz.org.take.compiler.scenario1.generated.impl_v070614_112246.KBImpl#getGrandfather
390 [main] DEBUG nz.org.take.compiler.reference.DefaultCompiler  - Adding query to agenda: /is_father_of[out,out]
390 [main] DEBUG nz.org.take.compiler.reference.DefaultCompiler  - Adding query to agenda: /is_father_of[in,in]
390 [main] INFO nz.org.take.compiler.reference.DefaultCompiler  - Method created: test.nz.org.take.compiler.scenario1.generated.impl_v070614_112246.KBImpl#getGrandchildren
390 [main] INFO nz.org.take.compiler.reference.DefaultCompiler  - Method created: test.nz.org.take.compiler.scenario1.generated.impl_v070614_112246.KBImpl#is_father_of_00
390 [main] INFO nz.org.take.compiler.reference.DefaultCompiler  - Method created: test.nz.org.take.compiler.scenario1.generated.impl_v070614_112246.KBImpl#is_father_of_11
390 [main] INFO nz.org.take.compiler.reference.DefaultCompiler  - Class created: test.nz.org.take.compiler.scenario1.generated.impl_v070614_112246.KBImpl
1812 [main] DEBUG nz.org.take.script.ScriptKnowledgeSource  - Interpreting predicate symbol is_father_of[in line 21] as simple predicate
1812 [main] DEBUG nz.org.take.script.ScriptKnowledgeSource  - Interpreting predicate symbol is_father_of[in line 21] as simple predicate
1812 [main] DEBUG nz.org.take.script.ScriptKnowledgeSource  - Interpreting predicate symbol is_grandfather_of[in line 21] as simple predicate
1812 [main] DEBUG nz.org.take.script.ScriptKnowledgeSource  - Interpreting predicate symbol is_father_of[in line 22] as simple predicate
1812 [main] DEBUG nz.org.take.script.ScriptKnowledgeSource  - Interpreting predicate symbol is_father_of[in line 23] as simple predicate
1812 [main] DEBUG nz.org.take.script.ScriptKnowledgeSource  - Interpreting predicate symbol is_father_of[in line 24] as simple predicate
1828 [main] DEBUG nz.org.take.script.ScriptKnowledgeSource  - Interpreting predicate symbol is_father_of[in line 25] as simple predicate
1828 [main] DEBUG nz.org.take.script.ScriptKnowledgeSource  - Interpreting predicate symbol is_father_of[in line 26] as simple predicate
1828 [main] DEBUG nz.org.take.script.ScriptKnowledgeSource  - Interpreting predicate symbol is_father_of[in line 27] as simple predicate
1828 [main] DEBUG nz.org.take.script.ScriptKnowledgeSource  - Interpreting predicate symbol is_father_of[in line 28] as simple predicate
1828 [main] DEBUG nz.org.take.script.ScriptKnowledgeSource  - Interpreting predicate symbol is_father_of[in line 29] as simple predicate
1828 [main] DEBUG nz.org.take.compiler.reference.DefaultCompiler  - Adding query to agenda: /is_father_of[in,out]
1828 [main] DEBUG nz.org.take.compiler.reference.DefaultCompiler  - Adding query to agenda: /is_father_of[out,in]
1828 [main] DEBUG nz.org.take.compiler.reference.DefaultCompiler  - Adding query to agenda: /is_grandfather_of[in,out]
1828 [main] DEBUG nz.org.take.compiler.reference.DefaultCompiler  - Adding query to agenda: /is_grandfather_of[out,in]
1828 [main] INFO nz.org.take.compiler.reference.DefaultCompiler  - Method created: test.nz.org.take.compiler.scenario1.generated.impl_v070614_112248.KBImpl#getFather
1843 [main] INFO nz.org.take.compiler.reference.DefaultCompiler  - Method created: test.nz.org.take.compiler.scenario1.generated.impl_v070614_112248.KBImpl#getSons
1843 [main] INFO nz.org.take.compiler.reference.DefaultCompiler  - Method created: test.nz.org.take.compiler.scenario1.generated.impl_v070614_112248.KBImpl#getGrandfather
1843 [main] DEBUG nz.org.take.compiler.reference.DefaultCompiler  - Adding query to agenda: /is_father_of[out,out]
1843 [main] DEBUG nz.org.take.compiler.reference.DefaultCompiler  - Adding query to agenda: /is_father_of[in,in]
1843 [main] INFO nz.org.take.compiler.reference.DefaultCompiler  - Method created: test.nz.org.take.compiler.scenario1.generated.impl_v070614_112248.KBImpl#getGrandchildren
1843 [main] INFO nz.org.take.compiler.reference.DefaultCompiler  - Method created: test.nz.org.take.compiler.scenario1.generated.impl_v070614_112248.KBImpl#is_father_of_00
1843 [main] INFO nz.org.take.compiler.reference.DefaultCompiler  - Method created: test.nz.org.take.compiler.scenario1.generated.impl_v070614_112248.KBImpl#is_father_of_11
1843 [main] INFO nz.org.take.compiler.reference.DefaultCompiler  - Class created: test.nz.org.take.compiler.scenario1.generated.impl_v070614_112248.KBImpl
1. rule2
2. fact6
3. fact3
2328 [main] DEBUG nz.org.take.script.ScriptKnowledgeSource  - Interpreting predicate symbol is_father_of[in line 21] as simple predicate
2328 [main] DEBUG nz.org.take.script.ScriptKnowledgeSource  - Interpreting predicate symbol is_father_of[in line 21] as simple predicate
2328 [main] DEBUG nz.org.take.script.ScriptKnowledgeSource  - Interpreting predicate symbol is_grandfather_of[in line 21] as simple predicate
2328 [main] DEBUG nz.org.take.script.ScriptKnowledgeSource  - Interpreting predicate symbol is_father_of[in line 22] as simple predicate
2328 [main] DEBUG nz.org.take.script.ScriptKnowledgeSource  - Interpreting predicate symbol is_father_of[in line 23] as simple predicate
2328 [main] DEBUG nz.org.take.script.ScriptKnowledgeSource  - Interpreting predicate symbol is_father_of[in line 24] as simple predicate
2328 [main] DEBUG nz.org.take.script.ScriptKnowledgeSource  - Interpreting predicate symbol is_father_of[in line 25] as simple predicate
2328 [main] DEBUG nz.org.take.script.ScriptKnowledgeSource  - Interpreting predicate symbol is_father_of[in line 26] as simple predicate
2328 [main] DEBUG nz.org.take.script.ScriptKnowledgeSource  - Interpreting predicate symbol is_father_of[in line 27] as simple predicate
2328 [main] DEBUG nz.org.take.script.ScriptKnowledgeSource  - Interpreting predicate symbol is_father_of[in line 28] as simple predicate
2328 [main] DEBUG nz.org.take.script.ScriptKnowledgeSource  - Interpreting predicate symbol is_father_of[in line 29] as simple predicate
2328 [main] DEBUG nz.org.take.compiler.reference.DefaultCompiler  - Adding query to agenda: /is_father_of[in,out]
2328 [main] DEBUG nz.org.take.compiler.reference.DefaultCompiler  - Adding query to agenda: /is_father_of[out,in]
2328 [main] DEBUG nz.org.take.compiler.reference.DefaultCompiler  - Adding query to agenda: /is_grandfather_of[in,out]
2328 [main] DEBUG nz.org.take.compiler.reference.DefaultCompiler  - Adding query to agenda: /is_grandfather_of[out,in]
2328 [main] INFO nz.org.take.compiler.reference.DefaultCompiler  - Method created: test.nz.org.take.compiler.scenario1.generated.impl_v070614_112248.KBImpl#getFather
2343 [main] INFO nz.org.take.compiler.reference.DefaultCompiler  - Method created: test.nz.org.take.compiler.scenario1.generated.impl_v070614_112248.KBImpl#getSons
2343 [main] INFO nz.org.take.compiler.reference.DefaultCompiler  - Method created: test.nz.org.take.compiler.scenario1.generated.impl_v070614_112248.KBImpl#getGrandfather
2343 [main] DEBUG nz.org.take.compiler.reference.DefaultCompiler  - Adding query to agenda: /is_father_of[out,out]
2343 [main] DEBUG nz.org.take.compiler.reference.DefaultCompiler  - Adding query to agenda: /is_father_of[in,in]
2343 [main] INFO nz.org.take.compiler.reference.DefaultCompiler  - Method created: test.nz.org.take.compiler.scenario1.generated.impl_v070614_112248.KBImpl#getGrandchildren
2343 [main] INFO nz.org.take.compiler.reference.DefaultCompiler  - Method created: test.nz.org.take.compiler.scenario1.generated.impl_v070614_112248.KBImpl#is_father_of_00
2343 [main] INFO nz.org.take.compiler.reference.DefaultCompiler  - Method created: test.nz.org.take.compiler.scenario1.generated.impl_v070614_112248.KBImpl#is_father_of_11
2343 [main] INFO nz.org.take.compiler.reference.DefaultCompiler  - Class created: test.nz.org.take.compiler.scenario1.generated.impl_v070614_112248.KBImpl
2687 [main] DEBUG nz.org.take.script.ScriptKnowledgeSource  - Interpreting predicate symbol is_father_of[in line 21] as simple predicate
2687 [main] DEBUG nz.org.take.script.ScriptKnowledgeSource  - Interpreting predicate symbol is_father_of[in line 21] as simple predicate
2687 [main] DEBUG nz.org.take.script.ScriptKnowledgeSource  - Interpreting predicate symbol is_grandfather_of[in line 21] as simple predicate
2687 [main] DEBUG nz.org.take.script.ScriptKnowledgeSource  - Interpreting predicate symbol is_father_of[in line 22] as simple predicate
2687 [main] DEBUG nz.org.take.script.ScriptKnowledgeSource  - Interpreting predicate symbol is_father_of[in line 23] as simple predicate
2687 [main] DEBUG nz.org.take.script.ScriptKnowledgeSource  - Interpreting predicate symbol is_father_of[in line 24] as simple predicate
2687 [main] DEBUG nz.org.take.script.ScriptKnowledgeSource  - Interpreting predicate symbol is_father_of[in line 25] as simple predicate
2687 [main] DEBUG nz.org.take.script.ScriptKnowledgeSource  - Interpreting predicate symbol is_father_of[in line 26] as simple predicate
2687 [main] DEBUG nz.org.take.script.ScriptKnowledgeSource  - Interpreting predicate symbol is_father_of[in line 27] as simple predicate
2687 [main] DEBUG nz.org.take.script.ScriptKnowledgeSource  - Interpreting predicate symbol is_father_of[in line 28] as simple predicate
2687 [main] DEBUG nz.org.take.script.ScriptKnowledgeSource  - Interpreting predicate symbol is_father_of[in line 29] as simple predicate
2687 [main] DEBUG nz.org.take.compiler.reference.DefaultCompiler  - Adding query to agenda: /is_father_of[in,out]
2687 [main] DEBUG nz.org.take.compiler.reference.DefaultCompiler  - Adding query to agenda: /is_father_of[out,in]
2687 [main] DEBUG nz.org.take.compiler.reference.DefaultCompiler  - Adding query to agenda: /is_grandfather_of[in,out]
2687 [main] DEBUG nz.org.take.compiler.reference.DefaultCompiler  - Adding query to agenda: /is_grandfather_of[out,in]
2703 [main] INFO nz.org.take.compiler.reference.DefaultCompiler  - Method created: test.nz.org.take.compiler.scenario1.generated.impl_v070614_112249.KBImpl#getFather
2703 [main] INFO nz.org.take.compiler.reference.DefaultCompiler  - Method created: test.nz.org.take.compiler.scenario1.generated.impl_v070614_112249.KBImpl#getSons
2703 [main] INFO nz.org.take.compiler.reference.DefaultCompiler  - Method created: test.nz.org.take.compiler.scenario1.generated.impl_v070614_112249.KBImpl#getGrandfather
2703 [main] DEBUG nz.org.take.compiler.reference.DefaultCompiler  - Adding query to agenda: /is_father_of[out,out]
2703 [main] DEBUG nz.org.take.compiler.reference.DefaultCompiler  - Adding query to agenda: /is_father_of[in,in]
2703 [main] INFO nz.org.take.compiler.reference.DefaultCompiler  - Method created: test.nz.org.take.compiler.scenario1.generated.impl_v070614_112249.KBImpl#getGrandchildren
2703 [main] INFO nz.org.take.compiler.reference.DefaultCompiler  - Method created: test.nz.org.take.compiler.scenario1.generated.impl_v070614_112249.KBImpl#is_father_of_00
2703 [main] INFO nz.org.take.compiler.reference.DefaultCompiler  - Method created: test.nz.org.take.compiler.scenario1.generated.impl_v070614_112249.KBImpl#is_father_of_11
2703 [main] INFO nz.org.take.compiler.reference.DefaultCompiler  - Class created: test.nz.org.take.compiler.scenario1.generated.impl_v070614_112249.KBImpl
3109 [main] DEBUG nz.org.take.script.ScriptKnowledgeSource  - Interpreting predicate symbol is_father_of[in line 21] as simple predicate
3109 [main] DEBUG nz.org.take.script.ScriptKnowledgeSource  - Interpreting predicate symbol is_father_of[in line 21] as simple predicate
3109 [main] DEBUG nz.org.take.script.ScriptKnowledgeSource  - Interpreting predicate symbol is_grandfather_of[in line 21] as simple predicate
3109 [main] DEBUG nz.org.take.script.ScriptKnowledgeSource  - Interpreting predicate symbol is_father_of[in line 22] as simple predicate
3109 [main] DEBUG nz.org.take.script.ScriptKnowledgeSource  - Interpreting predicate symbol is_father_of[in line 23] as simple predicate
3109 [main] DEBUG nz.org.take.script.ScriptKnowledgeSource  - Interpreting predicate symbol is_father_of[in line 24] as simple predicate
3109 [main] DEBUG nz.org.take.script.ScriptKnowledgeSource  - Interpreting predicate symbol is_father_of[in line 25] as simple predicate
3109 [main] DEBUG nz.org.take.script.ScriptKnowledgeSource  - Interpreting predicate symbol is_father_of[in line 26] as simple predicate
3109 [main] DEBUG nz.org.take.script.ScriptKnowledgeSource  - Interpreting predicate symbol is_father_of[in line 27] as simple predicate
3109 [main] DEBUG nz.org.take.script.ScriptKnowledgeSource  - Interpreting predicate symbol is_father_of[in line 28] as simple predicate
3109 [main] DEBUG nz.org.take.script.ScriptKnowledgeSource  - Interpreting predicate symbol is_father_of[in line 29] as simple predicate
3109 [main] DEBUG nz.org.take.compiler.reference.DefaultCompiler  - Adding query to agenda: /is_father_of[in,out]
3109 [main] DEBUG nz.org.take.compiler.reference.DefaultCompiler  - Adding query to agenda: /is_father_of[out,in]
3109 [main] DEBUG nz.org.take.compiler.reference.DefaultCompiler  - Adding query to agenda: /is_grandfather_of[in,out]
3109 [main] DEBUG nz.org.take.compiler.reference.DefaultCompiler  - Adding query to agenda: /is_grandfather_of[out,in]
3125 [main] INFO nz.org.take.compiler.reference.DefaultCompiler  - Method created: test.nz.org.take.compiler.scenario1.generated.impl_v070614_112249.KBImpl#getFather
3125 [main] INFO nz.org.take.compiler.reference.DefaultCompiler  - Method created: test.nz.org.take.compiler.scenario1.generated.impl_v070614_112249.KBImpl#getSons
3125 [main] INFO nz.org.take.compiler.reference.DefaultCompiler  - Method created: test.nz.org.take.compiler.scenario1.generated.impl_v070614_112249.KBImpl#getGrandfather
3125 [main] DEBUG nz.org.take.compiler.reference.DefaultCompiler  - Adding query to agenda: /is_father_of[out,out]
3125 [main] DEBUG nz.org.take.compiler.reference.DefaultCompiler  - Adding query to agenda: /is_father_of[in,in]
3125 [main] INFO nz.org.take.compiler.reference.DefaultCompiler  - Method created: test.nz.org.take.compiler.scenario1.generated.impl_v070614_112249.KBImpl#getGrandchildren
3125 [main] INFO nz.org.take.compiler.reference.DefaultCompiler  - Method created: test.nz.org.take.compiler.scenario1.generated.impl_v070614_112249.KBImpl#is_father_of_00
3125 [main] INFO nz.org.take.compiler.reference.DefaultCompiler  - Method created: test.nz.org.take.compiler.scenario1.generated.impl_v070614_112249.KBImpl#is_father_of_11
3125 [main] INFO nz.org.take.compiler.reference.DefaultCompiler  - Class created: test.nz.org.take.compiler.scenario1.generated.impl_v070614_112249.KBImpl
Frank
Jens
Ralf
]]></system-out>
  <system-err><![CDATA[]]></system-err>
</testsuite>
